---------------------------------------------------------------

[2020-02-29T20:31:44+08:00] 127.0.0.1 GET localhost:8000/
[运行时间：0.453341s] [吞吐率：2.21req/s] [内存消耗：1,787.77kb] [文件加载：62]
[ info ] [ LANG ] C:\Another\2020-FC-Intelligent-Management-System-Of-Fixture\thinkphp\lang\zh-cn.php
[ info ] [ ROUTE ] array (
  'rule' => '',
  'route' => '@admin/Index/drawLoginPage',
  'option' => 
  array (
    'merge_rule_regex' => false,
    'complete_match' => true,
  ),
  'var' => 
  array (
  ),
)
[ info ] [ HEADER ] array (
  'host' => 'localhost:8000',
  'connection' => 'keep-alive',
  'upgrade-insecure-requests' => '1',
  'user-agent' => 'Mozilla/5.0 (Windows NT 10.0; Win64; x64) AppleWebKit/537.36 (KHTML, like Gecko) Chrome/80.0.3987.122 Safari/537.36',
  'sec-fetch-dest' => 'document',
  'accept' => 'text/html,application/xhtml+xml,application/xml;q=0.9,image/webp,image/apng,*/*;q=0.8,application/signed-exchange;v=b3;q=0.9',
  'sec-fetch-site' => 'none',
  'sec-fetch-mode' => 'navigate',
  'sec-fetch-user' => '?1',
  'accept-encoding' => 'gzip, deflate, br',
  'accept-language' => 'zh-CN,zh;q=0.9',
  'cookie' => 'Phpstorm-303d7c42=e129bfad-1129-431f-b04c-948be0331183; Webstorm-9235571e=80d86858-8ca6-4e05-abdd-49eb9ffdee5e; pgv_pvi=3636225024',
)
[ info ] [ PARAM ] array (
)
[ info ] [ VIEW ] C:\Another\2020-FC-Intelligent-Management-System-Of-Fixture\application\admin\view\index\loginPage.html [ array (
) ]
---------------------------------------------------------------

[2020-02-29T20:31:50+08:00] 127.0.0.1 POST localhost:8000/login
[运行时间：0.350310s] [吞吐率：2.85req/s] [内存消耗：3,259.30kb] [文件加载：77]
[ info ] [ LANG ] C:\Another\2020-FC-Intelligent-Management-System-Of-Fixture\thinkphp\lang\zh-cn.php
[ info ] [ ROUTE ] array (
  'rule' => 'login',
  'route' => '@admin/Index/handleLogin',
  'option' => 
  array (
    'merge_rule_regex' => false,
  ),
  'var' => 
  array (
  ),
)
[ info ] [ HEADER ] array (
  'host' => 'localhost:8000',
  'connection' => 'keep-alive',
  'content-length' => '32',
  'cache-control' => 'max-age=0',
  'origin' => 'http://localhost:8000',
  'upgrade-insecure-requests' => '1',
  'content-type' => 'application/x-www-form-urlencoded',
  'user-agent' => 'Mozilla/5.0 (Windows NT 10.0; Win64; x64) AppleWebKit/537.36 (KHTML, like Gecko) Chrome/80.0.3987.122 Safari/537.36',
  'sec-fetch-dest' => 'document',
  'accept' => 'text/html,application/xhtml+xml,application/xml;q=0.9,image/webp,image/apng,*/*;q=0.8,application/signed-exchange;v=b3;q=0.9',
  'sec-fetch-site' => 'same-origin',
  'sec-fetch-mode' => 'navigate',
  'sec-fetch-user' => '?1',
  'referer' => 'http://localhost:8000/',
  'accept-encoding' => 'gzip, deflate, br',
  'accept-language' => 'zh-CN,zh;q=0.9',
  'cookie' => 'Phpstorm-303d7c42=e129bfad-1129-431f-b04c-948be0331183; Webstorm-9235571e=80d86858-8ca6-4e05-abdd-49eb9ffdee5e; pgv_pvi=3636225024; thinkphp_show_page_trace=0|0',
)
[ info ] [ PARAM ] array (
  'username' => 'adminone',
  'password' => 'admin',
)
[ info ] [ DB ] INIT mysql
[ info ] [ VIEW ] C:\Another\2020-FC-Intelligent-Management-System-Of-Fixture\thinkphp\tpl/dispatch_jump.tpl [ array (
  0 => 'code',
  1 => 'msg',
  2 => 'data',
  3 => 'url',
  4 => 'wait',
) ]
[ sql ] [ DB ] CONNECT:[ UseTime:0.003158s ] mysql:host=127.0.0.1;port=3308;dbname=fc;charset=utf8
[ sql ] [ SQL ] SHOW COLUMNS FROM `user` [ RunTime:0.005469s ]
[ sql ] [ SQL ] SELECT * FROM `user` WHERE  `username` = 'adminone' LIMIT 1 [ RunTime:0.002095s ]
[ sql ] [ SQL ] SELECT * FROM `user` WHERE  `username` = 'adminone' LIMIT 1 [ RunTime:0.000516s ]
[ sql ] [ SQL ] SELECT * FROM `user` WHERE  `username` = 'adminone' LIMIT 1 [ RunTime:0.000505s ]
---------------------------------------------------------------

[2020-02-29T20:31:52+08:00] 127.0.0.1 GET localhost:8000/admin
[运行时间：0.166797s] [吞吐率：6.00req/s] [内存消耗：3,214.19kb] [文件加载：76]
[ info ] [ LANG ] C:\Another\2020-FC-Intelligent-Management-System-Of-Fixture\thinkphp\lang\zh-cn.php
[ info ] [ ROUTE ] array (
  'rule' => 'admin',
  'route' => '@admin/Admin/drawMainPage',
  'option' => 
  array (
    'merge_rule_regex' => false,
  ),
  'var' => 
  array (
  ),
)
[ info ] [ HEADER ] array (
  'host' => 'localhost:8000',
  'connection' => 'keep-alive',
  'upgrade-insecure-requests' => '1',
  'user-agent' => 'Mozilla/5.0 (Windows NT 10.0; Win64; x64) AppleWebKit/537.36 (KHTML, like Gecko) Chrome/80.0.3987.122 Safari/537.36',
  'sec-fetch-dest' => 'document',
  'accept' => 'text/html,application/xhtml+xml,application/xml;q=0.9,image/webp,image/apng,*/*;q=0.8,application/signed-exchange;v=b3;q=0.9',
  'sec-fetch-site' => 'same-origin',
  'sec-fetch-mode' => 'navigate',
  'sec-fetch-user' => '?1',
  'referer' => 'http://localhost:8000/login',
  'accept-encoding' => 'gzip, deflate, br',
  'accept-language' => 'zh-CN,zh;q=0.9',
  'cookie' => 'Phpstorm-303d7c42=e129bfad-1129-431f-b04c-948be0331183; Webstorm-9235571e=80d86858-8ca6-4e05-abdd-49eb9ffdee5e; pgv_pvi=3636225024; thinkphp_show_page_trace=0|0',
)
[ info ] [ PARAM ] array (
)
[ info ] [ DB ] INIT mysql
[ info ] [ VIEW ] C:\Another\2020-FC-Intelligent-Management-System-Of-Fixture\application\admin\view\admin\mainPage.html [ array (
  0 => 'userData',
) ]
[ sql ] [ DB ] CONNECT:[ UseTime:0.010405s ] mysql:host=127.0.0.1;port=3308;dbname=fc;charset=utf8
[ sql ] [ SQL ] SHOW COLUMNS FROM `user` [ RunTime:0.002220s ]
[ sql ] [ SQL ] SELECT * FROM `user` [ RunTime:0.000442s ]
---------------------------------------------------------------

[2020-02-29T22:32:41+08:00] 127.0.0.1 GET localhost:8000/
[运行时间：0.645515s] [吞吐率：1.55req/s] [内存消耗：1,787.78kb] [文件加载：62]
[ info ] [ LANG ] C:\Another\2020-FC-Intelligent-Management-System-Of-Fixture\thinkphp\lang\zh-cn.php
[ info ] [ ROUTE ] array (
  'rule' => '',
  'route' => '@admin/Index/drawLoginPage',
  'option' => 
  array (
    'merge_rule_regex' => false,
    'complete_match' => true,
  ),
  'var' => 
  array (
  ),
)
[ info ] [ HEADER ] array (
  'host' => 'localhost:8000',
  'connection' => 'keep-alive',
  'upgrade-insecure-requests' => '1',
  'user-agent' => 'Mozilla/5.0 (Windows NT 10.0; Win64; x64) AppleWebKit/537.36 (KHTML, like Gecko) Chrome/80.0.3987.122 Safari/537.36',
  'sec-fetch-dest' => 'document',
  'accept' => 'text/html,application/xhtml+xml,application/xml;q=0.9,image/webp,image/apng,*/*;q=0.8,application/signed-exchange;v=b3;q=0.9',
  'sec-fetch-site' => 'none',
  'sec-fetch-mode' => 'navigate',
  'sec-fetch-user' => '?1',
  'accept-encoding' => 'gzip, deflate, br',
  'accept-language' => 'zh-CN,zh;q=0.9',
  'cookie' => 'Phpstorm-303d7c42=e129bfad-1129-431f-b04c-948be0331183; Webstorm-9235571e=80d86858-8ca6-4e05-abdd-49eb9ffdee5e; pgv_pvi=3636225024',
)
[ info ] [ PARAM ] array (
)
[ info ] [ VIEW ] C:\Another\2020-FC-Intelligent-Management-System-Of-Fixture\application\admin\view\index\loginPage.html [ array (
) ]
---------------------------------------------------------------

[2020-02-29T22:34:50+08:00] 127.0.0.1 POST localhost:8000/login
[运行时间：0.531608s] [吞吐率：1.88req/s] [内存消耗：3,259.29kb] [文件加载：77]
[ info ] [ LANG ] C:\Another\2020-FC-Intelligent-Management-System-Of-Fixture\thinkphp\lang\zh-cn.php
[ info ] [ ROUTE ] array (
  'rule' => 'login',
  'route' => '@admin/Index/handleLogin',
  'option' => 
  array (
    'merge_rule_regex' => false,
  ),
  'var' => 
  array (
  ),
)
[ info ] [ HEADER ] array (
  'host' => 'localhost:8000',
  'connection' => 'keep-alive',
  'content-length' => '32',
  'cache-control' => 'max-age=0',
  'origin' => 'http://localhost:8000',
  'upgrade-insecure-requests' => '1',
  'content-type' => 'application/x-www-form-urlencoded',
  'user-agent' => 'Mozilla/5.0 (Windows NT 10.0; Win64; x64) AppleWebKit/537.36 (KHTML, like Gecko) Chrome/80.0.3987.122 Safari/537.36',
  'sec-fetch-dest' => 'document',
  'accept' => 'text/html,application/xhtml+xml,application/xml;q=0.9,image/webp,image/apng,*/*;q=0.8,application/signed-exchange;v=b3;q=0.9',
  'sec-fetch-site' => 'same-origin',
  'sec-fetch-mode' => 'navigate',
  'sec-fetch-user' => '?1',
  'referer' => 'http://localhost:8000/',
  'accept-encoding' => 'gzip, deflate, br',
  'accept-language' => 'zh-CN,zh;q=0.9',
  'cookie' => 'Phpstorm-303d7c42=e129bfad-1129-431f-b04c-948be0331183; Webstorm-9235571e=80d86858-8ca6-4e05-abdd-49eb9ffdee5e; pgv_pvi=3636225024; thinkphp_show_page_trace=0|0',
)
[ info ] [ PARAM ] array (
  'username' => 'adminone',
  'password' => 'admin',
)
[ info ] [ DB ] INIT mysql
[ info ] [ VIEW ] C:\Another\2020-FC-Intelligent-Management-System-Of-Fixture\thinkphp\tpl/dispatch_jump.tpl [ array (
  0 => 'code',
  1 => 'msg',
  2 => 'data',
  3 => 'url',
  4 => 'wait',
) ]
[ sql ] [ DB ] CONNECT:[ UseTime:0.004925s ] mysql:host=127.0.0.1;port=3308;dbname=fc;charset=utf8
[ sql ] [ SQL ] SHOW COLUMNS FROM `user` [ RunTime:0.003517s ]
[ sql ] [ SQL ] SELECT * FROM `user` WHERE  `username` = 'adminone' LIMIT 1 [ RunTime:0.001497s ]
[ sql ] [ SQL ] SELECT * FROM `user` WHERE  `username` = 'adminone' LIMIT 1 [ RunTime:0.001135s ]
[ sql ] [ SQL ] SELECT * FROM `user` WHERE  `username` = 'adminone' LIMIT 1 [ RunTime:0.000693s ]
---------------------------------------------------------------

[2020-02-29T22:34:51+08:00] 127.0.0.1 GET localhost:8000/admin
[运行时间：0.273223s] [吞吐率：3.66req/s] [内存消耗：3,214.19kb] [文件加载：76]
[ info ] [ LANG ] C:\Another\2020-FC-Intelligent-Management-System-Of-Fixture\thinkphp\lang\zh-cn.php
[ info ] [ ROUTE ] array (
  'rule' => 'admin',
  'route' => '@admin/Admin/drawMainPage',
  'option' => 
  array (
    'merge_rule_regex' => false,
  ),
  'var' => 
  array (
  ),
)
[ info ] [ HEADER ] array (
  'host' => 'localhost:8000',
  'connection' => 'keep-alive',
  'upgrade-insecure-requests' => '1',
  'user-agent' => 'Mozilla/5.0 (Windows NT 10.0; Win64; x64) AppleWebKit/537.36 (KHTML, like Gecko) Chrome/80.0.3987.122 Safari/537.36',
  'sec-fetch-dest' => 'document',
  'accept' => 'text/html,application/xhtml+xml,application/xml;q=0.9,image/webp,image/apng,*/*;q=0.8,application/signed-exchange;v=b3;q=0.9',
  'sec-fetch-site' => 'same-origin',
  'sec-fetch-mode' => 'navigate',
  'sec-fetch-user' => '?1',
  'referer' => 'http://localhost:8000/login',
  'accept-encoding' => 'gzip, deflate, br',
  'accept-language' => 'zh-CN,zh;q=0.9',
  'cookie' => 'Phpstorm-303d7c42=e129bfad-1129-431f-b04c-948be0331183; Webstorm-9235571e=80d86858-8ca6-4e05-abdd-49eb9ffdee5e; pgv_pvi=3636225024; thinkphp_show_page_trace=0|0',
)
[ info ] [ PARAM ] array (
)
[ info ] [ DB ] INIT mysql
[ info ] [ VIEW ] C:\Another\2020-FC-Intelligent-Management-System-Of-Fixture\application\admin\view\admin\mainPage.html [ array (
  0 => 'userData',
) ]
[ sql ] [ DB ] CONNECT:[ UseTime:0.010764s ] mysql:host=127.0.0.1;port=3308;dbname=fc;charset=utf8
[ sql ] [ SQL ] SHOW COLUMNS FROM `user` [ RunTime:0.001835s ]
[ sql ] [ SQL ] SELECT * FROM `user` [ RunTime:0.000829s ]
---------------------------------------------------------------

[2020-02-29T22:34:59+08:00] 127.0.0.1 GET localhost:8000/
[运行时间：0.052005s] [吞吐率：19.23req/s] [内存消耗：1,788.12kb] [文件加载：62]
[ info ] [ LANG ] C:\Another\2020-FC-Intelligent-Management-System-Of-Fixture\thinkphp\lang\zh-cn.php
[ info ] [ ROUTE ] array (
  'rule' => '',
  'route' => '@admin/Index/drawLoginPage',
  'option' => 
  array (
    'merge_rule_regex' => false,
    'complete_match' => true,
  ),
  'var' => 
  array (
  ),
)
[ info ] [ HEADER ] array (
  'host' => 'localhost:8000',
  'connection' => 'keep-alive',
  'upgrade-insecure-requests' => '1',
  'user-agent' => 'Mozilla/5.0 (Windows NT 10.0; Win64; x64) AppleWebKit/537.36 (KHTML, like Gecko) Chrome/80.0.3987.122 Safari/537.36',
  'sec-fetch-dest' => 'document',
  'accept' => 'text/html,application/xhtml+xml,application/xml;q=0.9,image/webp,image/apng,*/*;q=0.8,application/signed-exchange;v=b3;q=0.9',
  'sec-fetch-site' => 'same-origin',
  'sec-fetch-mode' => 'navigate',
  'sec-fetch-user' => '?1',
  'referer' => 'http://localhost:8000/admin',
  'accept-encoding' => 'gzip, deflate, br',
  'accept-language' => 'zh-CN,zh;q=0.9',
  'cookie' => 'Phpstorm-303d7c42=e129bfad-1129-431f-b04c-948be0331183; Webstorm-9235571e=80d86858-8ca6-4e05-abdd-49eb9ffdee5e; pgv_pvi=3636225024; thinkphp_show_page_trace=0|0',
)
[ info ] [ PARAM ] array (
)
[ info ] [ VIEW ] C:\Another\2020-FC-Intelligent-Management-System-Of-Fixture\application\admin\view\index\loginPage.html [ array (
) ]
---------------------------------------------------------------

[2020-02-29T22:41:30+08:00] 127.0.0.1 GET localhost:8000/
[运行时间：0.141318s] [吞吐率：7.08req/s] [内存消耗：1,788.10kb] [文件加载：62]
[ info ] [ LANG ] C:\Another\2020-FC-Intelligent-Management-System-Of-Fixture\thinkphp\lang\zh-cn.php
[ info ] [ ROUTE ] array (
  'rule' => '',
  'route' => '@admin/Index/drawLoginPage',
  'option' => 
  array (
    'merge_rule_regex' => false,
    'complete_match' => true,
  ),
  'var' => 
  array (
  ),
)
[ info ] [ HEADER ] array (
  'host' => 'localhost:8000',
  'connection' => 'keep-alive',
  'upgrade-insecure-requests' => '1',
  'user-agent' => 'Mozilla/5.0 (Windows NT 10.0; Win64; x64) AppleWebKit/537.36 (KHTML, like Gecko) Chrome/80.0.3987.122 Safari/537.36',
  'sec-fetch-dest' => 'document',
  'accept' => 'text/html,application/xhtml+xml,application/xml;q=0.9,image/webp,image/apng,*/*;q=0.8,application/signed-exchange;v=b3;q=0.9',
  'purpose' => 'prefetch',
  'sec-fetch-site' => 'none',
  'sec-fetch-mode' => 'navigate',
  'sec-fetch-user' => '?1',
  'accept-encoding' => 'gzip, deflate, br',
  'accept-language' => 'zh-CN,zh;q=0.9',
  'cookie' => 'Phpstorm-303d7c42=e129bfad-1129-431f-b04c-948be0331183; Webstorm-9235571e=80d86858-8ca6-4e05-abdd-49eb9ffdee5e; pgv_pvi=3636225024',
)
[ info ] [ PARAM ] array (
)
[ info ] [ VIEW ] C:\Another\2020-FC-Intelligent-Management-System-Of-Fixture\application\admin\view\index\loginPage.html [ array (
) ]
