---------------------------------------------------------------

[2020-03-02T18:50:16+08:00] 127.0.0.1 GET localhost:8000/
[运行时间：0.165906s] [吞吐率：6.03req/s] [内存消耗：1,919.59kb] [文件加载：64]
[ info ] [ LANG ] C:\Another\服创\2020-FC-Intelligent-Management-System-Of-Fixture\thinkphp\lang\zh-cn.php
[ info ] [ ROUTE ] array (
  'rule' => '',
  'route' => '@admin/Index/drawLoginPage',
  'option' => 
  array (
    'merge_rule_regex' => false,
    'complete_match' => true,
  ),
  'var' => 
  array (
  ),
)
[ info ] [ HEADER ] array (
  'host' => 'localhost:8000',
  'connection' => 'keep-alive',
  'upgrade-insecure-requests' => '1',
  'user-agent' => 'Mozilla/5.0 (Windows NT 10.0; Win64; x64) AppleWebKit/537.36 (KHTML, like Gecko) Chrome/80.0.3987.122 Safari/537.36',
  'sec-fetch-dest' => 'document',
  'accept' => 'text/html,application/xhtml+xml,application/xml;q=0.9,image/webp,image/apng,*/*;q=0.8,application/signed-exchange;v=b3;q=0.9',
  'sec-fetch-site' => 'none',
  'sec-fetch-mode' => 'navigate',
  'sec-fetch-user' => '?1',
  'accept-encoding' => 'gzip, deflate, br',
  'accept-language' => 'zh-CN,zh;q=0.9',
  'cookie' => 'Phpstorm-303d7c42=e129bfad-1129-431f-b04c-948be0331183; Webstorm-9235571e=80d86858-8ca6-4e05-abdd-49eb9ffdee5e; pgv_pvi=3636225024',
)
[ info ] [ PARAM ] array (
)
[ info ] [ VIEW ] C:\Another\服创\2020-FC-Intelligent-Management-System-Of-Fixture\application\admin\view\index\loginPage.html [ array (
) ]
