---------------------------------------------------------------

[2020-03-08T09:54:32+08:00] 127.0.0.1 GET localhost:8000/
[运行时间：0.687750s] [吞吐率：1.45req/s] [内存消耗：1,790.81kb] [文件加载：62]
[ info ] [ LANG ] C:\Another\服创\2020-FC-Intelligent-Management-System-Of-Fixture\thinkphp\lang\zh-cn.php
[ info ] [ ROUTE ] array (
  'rule' => '',
  'route' => '@admin/Index/drawLoginPage',
  'option' => 
  array (
    'merge_rule_regex' => false,
    'complete_match' => true,
  ),
  'var' => 
  array (
  ),
)
[ info ] [ HEADER ] array (
  'host' => 'localhost:8000',
  'connection' => 'keep-alive',
  'upgrade-insecure-requests' => '1',
  'user-agent' => 'Mozilla/5.0 (Windows NT 10.0; Win64; x64) AppleWebKit/537.36 (KHTML, like Gecko) Chrome/80.0.3987.132 Safari/537.36',
  'sec-fetch-dest' => 'document',
  'accept' => 'text/html,application/xhtml+xml,application/xml;q=0.9,image/webp,image/apng,*/*;q=0.8,application/signed-exchange;v=b3;q=0.9',
  'sec-fetch-site' => 'none',
  'sec-fetch-mode' => 'navigate',
  'sec-fetch-user' => '?1',
  'accept-encoding' => 'gzip, deflate, br',
  'accept-language' => 'zh-CN,zh;q=0.9',
  'cookie' => 'Phpstorm-303d7c42=e129bfad-1129-431f-b04c-948be0331183; Webstorm-9235571e=80d86858-8ca6-4e05-abdd-49eb9ffdee5e; pgv_pvi=3636225024',
)
[ info ] [ PARAM ] array (
)
[ info ] [ VIEW ] C:\Another\服创\2020-FC-Intelligent-Management-System-Of-Fixture\application\admin\view\index\loginPage.html [ array (
) ]
---------------------------------------------------------------

[2020-03-08T09:54:42+08:00] 127.0.0.1 POST localhost:8000/login
[运行时间：0.760041s] [吞吐率：1.32req/s] [内存消耗：3,392.02kb] [文件加载：79]
[ info ] [ LANG ] C:\Another\服创\2020-FC-Intelligent-Management-System-Of-Fixture\thinkphp\lang\zh-cn.php
[ info ] [ ROUTE ] array (
  'rule' => 'login',
  'route' => '@admin/Index/handleLogin',
  'option' => 
  array (
    'merge_rule_regex' => false,
  ),
  'var' => 
  array (
  ),
)
[ info ] [ HEADER ] array (
  'host' => 'localhost:8000',
  'connection' => 'keep-alive',
  'content-length' => '32',
  'cache-control' => 'max-age=0',
  'origin' => 'http://localhost:8000',
  'upgrade-insecure-requests' => '1',
  'content-type' => 'application/x-www-form-urlencoded',
  'user-agent' => 'Mozilla/5.0 (Windows NT 10.0; Win64; x64) AppleWebKit/537.36 (KHTML, like Gecko) Chrome/80.0.3987.132 Safari/537.36',
  'sec-fetch-dest' => 'document',
  'accept' => 'text/html,application/xhtml+xml,application/xml;q=0.9,image/webp,image/apng,*/*;q=0.8,application/signed-exchange;v=b3;q=0.9',
  'sec-fetch-site' => 'same-origin',
  'sec-fetch-mode' => 'navigate',
  'sec-fetch-user' => '?1',
  'referer' => 'http://localhost:8000/',
  'accept-encoding' => 'gzip, deflate, br',
  'accept-language' => 'zh-CN,zh;q=0.9',
  'cookie' => 'Phpstorm-303d7c42=e129bfad-1129-431f-b04c-948be0331183; Webstorm-9235571e=80d86858-8ca6-4e05-abdd-49eb9ffdee5e; pgv_pvi=3636225024; thinkphp_show_page_trace=0|0',
)
[ info ] [ PARAM ] array (
  'username' => 'adminone',
  'password' => 'admin',
)
[ info ] [ DB ] INIT mysql
[ info ] [ VIEW ] C:\Another\服创\2020-FC-Intelligent-Management-System-Of-Fixture\thinkphp\tpl/dispatch_jump.tpl [ array (
  0 => 'code',
  1 => 'msg',
  2 => 'data',
  3 => 'url',
  4 => 'wait',
) ]
[ sql ] [ DB ] CONNECT:[ UseTime:0.004513s ] mysql:host=127.0.0.1;port=3308;dbname=fc;charset=utf8
[ sql ] [ SQL ] SHOW COLUMNS FROM `user` [ RunTime:0.010010s ]
[ sql ] [ SQL ] SELECT * FROM `user` WHERE  `username` = 'adminone' LIMIT 1 [ RunTime:0.006188s ]
[ sql ] [ SQL ] SELECT * FROM `user` WHERE  `username` = 'adminone' LIMIT 1 [ RunTime:0.000756s ]
[ sql ] [ SQL ] SELECT * FROM `user` WHERE  `username` = 'adminone' LIMIT 1 [ RunTime:0.000506s ]
---------------------------------------------------------------

[2020-03-08T09:54:44+08:00] 127.0.0.1 GET localhost:8000/admin
[运行时间：0.315915s] [吞吐率：3.17req/s] [内存消耗：3,374.37kb] [文件加载：78]
[ info ] [ LANG ] C:\Another\服创\2020-FC-Intelligent-Management-System-Of-Fixture\thinkphp\lang\zh-cn.php
[ info ] [ ROUTE ] array (
  'rule' => 'admin',
  'route' => '@admin/Admin/drawMainPage',
  'option' => 
  array (
    'merge_rule_regex' => false,
  ),
  'var' => 
  array (
  ),
)
[ info ] [ HEADER ] array (
  'host' => 'localhost:8000',
  'connection' => 'keep-alive',
  'upgrade-insecure-requests' => '1',
  'user-agent' => 'Mozilla/5.0 (Windows NT 10.0; Win64; x64) AppleWebKit/537.36 (KHTML, like Gecko) Chrome/80.0.3987.132 Safari/537.36',
  'sec-fetch-dest' => 'document',
  'accept' => 'text/html,application/xhtml+xml,application/xml;q=0.9,image/webp,image/apng,*/*;q=0.8,application/signed-exchange;v=b3;q=0.9',
  'sec-fetch-site' => 'same-origin',
  'sec-fetch-mode' => 'navigate',
  'sec-fetch-user' => '?1',
  'referer' => 'http://localhost:8000/login',
  'accept-encoding' => 'gzip, deflate, br',
  'accept-language' => 'zh-CN,zh;q=0.9',
  'cookie' => 'Phpstorm-303d7c42=e129bfad-1129-431f-b04c-948be0331183; Webstorm-9235571e=80d86858-8ca6-4e05-abdd-49eb9ffdee5e; pgv_pvi=3636225024; thinkphp_show_page_trace=0|0',
)
[ info ] [ PARAM ] array (
)
[ info ] [ DB ] INIT mysql
[ info ] [ VIEW ] C:\Another\服创\2020-FC-Intelligent-Management-System-Of-Fixture\application\admin\view\admin\mainPage.html [ array (
  0 => 'userData',
) ]
[ sql ] [ DB ] CONNECT:[ UseTime:0.011068s ] mysql:host=127.0.0.1;port=3308;dbname=fc;charset=utf8
[ sql ] [ SQL ] SHOW COLUMNS FROM `user` [ RunTime:0.016956s ]
[ sql ] [ SQL ] SELECT * FROM `user` [ RunTime:0.002257s ]
---------------------------------------------------------------

[2020-03-08T09:55:41+08:00] 127.0.0.1 GET localhost:8000/
[运行时间：0.059728s] [吞吐率：16.74req/s] [内存消耗：1,790.90kb] [文件加载：62]
[ info ] [ LANG ] C:\Another\服创\2020-FC-Intelligent-Management-System-Of-Fixture\thinkphp\lang\zh-cn.php
[ info ] [ ROUTE ] array (
  'rule' => '',
  'route' => '@admin/Index/drawLoginPage',
  'option' => 
  array (
    'merge_rule_regex' => false,
    'complete_match' => true,
  ),
  'var' => 
  array (
  ),
)
[ info ] [ HEADER ] array (
  'host' => 'localhost:8000',
  'connection' => 'keep-alive',
  'upgrade-insecure-requests' => '1',
  'user-agent' => 'Mozilla/5.0 (Windows NT 10.0; Win64; x64) AppleWebKit/537.36 (KHTML, like Gecko) Chrome/80.0.3987.132 Safari/537.36',
  'sec-fetch-dest' => 'document',
  'accept' => 'text/html,application/xhtml+xml,application/xml;q=0.9,image/webp,image/apng,*/*;q=0.8,application/signed-exchange;v=b3;q=0.9',
  'sec-fetch-site' => 'same-origin',
  'sec-fetch-mode' => 'navigate',
  'sec-fetch-user' => '?1',
  'referer' => 'http://localhost:8000/admin',
  'accept-encoding' => 'gzip, deflate, br',
  'accept-language' => 'zh-CN,zh;q=0.9',
  'cookie' => 'Phpstorm-303d7c42=e129bfad-1129-431f-b04c-948be0331183; Webstorm-9235571e=80d86858-8ca6-4e05-abdd-49eb9ffdee5e; pgv_pvi=3636225024; thinkphp_show_page_trace=0|0',
)
[ info ] [ PARAM ] array (
)
[ info ] [ VIEW ] C:\Another\服创\2020-FC-Intelligent-Management-System-Of-Fixture\application\admin\view\index\loginPage.html [ array (
) ]
---------------------------------------------------------------

[2020-03-08T09:55:46+08:00] 127.0.0.1 POST localhost:8000/login
[运行时间：0.109300s] [吞吐率：9.15req/s] [内存消耗：3,262.48kb] [文件加载：77]
[ info ] [ LANG ] C:\Another\服创\2020-FC-Intelligent-Management-System-Of-Fixture\thinkphp\lang\zh-cn.php
[ info ] [ ROUTE ] array (
  'rule' => 'login',
  'route' => '@admin/Index/handleLogin',
  'option' => 
  array (
    'merge_rule_regex' => false,
  ),
  'var' => 
  array (
  ),
)
[ info ] [ HEADER ] array (
  'host' => 'localhost:8000',
  'connection' => 'keep-alive',
  'content-length' => '35',
  'cache-control' => 'max-age=0',
  'origin' => 'http://localhost:8000',
  'upgrade-insecure-requests' => '1',
  'content-type' => 'application/x-www-form-urlencoded',
  'user-agent' => 'Mozilla/5.0 (Windows NT 10.0; Win64; x64) AppleWebKit/537.36 (KHTML, like Gecko) Chrome/80.0.3987.132 Safari/537.36',
  'sec-fetch-dest' => 'document',
  'accept' => 'text/html,application/xhtml+xml,application/xml;q=0.9,image/webp,image/apng,*/*;q=0.8,application/signed-exchange;v=b3;q=0.9',
  'sec-fetch-site' => 'same-origin',
  'sec-fetch-mode' => 'navigate',
  'sec-fetch-user' => '?1',
  'referer' => 'http://localhost:8000/',
  'accept-encoding' => 'gzip, deflate, br',
  'accept-language' => 'zh-CN,zh;q=0.9',
  'cookie' => 'Phpstorm-303d7c42=e129bfad-1129-431f-b04c-948be0331183; Webstorm-9235571e=80d86858-8ca6-4e05-abdd-49eb9ffdee5e; pgv_pvi=3636225024; thinkphp_show_page_trace=0|0',
)
[ info ] [ PARAM ] array (
  'username' => 'operatorone',
  'password' => 'admin',
)
[ info ] [ DB ] INIT mysql
[ info ] [ VIEW ] C:\Another\服创\2020-FC-Intelligent-Management-System-Of-Fixture\thinkphp\tpl/dispatch_jump.tpl [ array (
  0 => 'code',
  1 => 'msg',
  2 => 'data',
  3 => 'url',
  4 => 'wait',
) ]
[ sql ] [ DB ] CONNECT:[ UseTime:0.010911s ] mysql:host=127.0.0.1;port=3308;dbname=fc;charset=utf8
[ sql ] [ SQL ] SHOW COLUMNS FROM `user` [ RunTime:0.003387s ]
[ sql ] [ SQL ] SELECT * FROM `user` WHERE  `username` = 'operatorone' LIMIT 1 [ RunTime:0.001357s ]
[ sql ] [ SQL ] SELECT * FROM `user` WHERE  `username` = 'operatorone' LIMIT 1 [ RunTime:0.000687s ]
[ sql ] [ SQL ] SELECT * FROM `user` WHERE  `username` = 'operatorone' LIMIT 1 [ RunTime:0.000698s ]
---------------------------------------------------------------

[2020-03-08T09:55:48+08:00] 127.0.0.1 GET localhost:8000/operatori/operatorone
[运行时间：0.348015s] [吞吐率：2.87req/s] [内存消耗：3,383.27kb] [文件加载：79]
[ info ] [ LANG ] C:\Another\服创\2020-FC-Intelligent-Management-System-Of-Fixture\thinkphp\lang\zh-cn.php
[ info ] [ ROUTE ] array (
  'rule' => 'operatori/<username>',
  'route' => '@operatori/Operatori/showMainPage',
  'option' => 
  array (
    'merge_rule_regex' => false,
  ),
  'var' => 
  array (
    'username' => 'operatorone',
  ),
)
[ info ] [ HEADER ] array (
  'host' => 'localhost:8000',
  'connection' => 'keep-alive',
  'upgrade-insecure-requests' => '1',
  'user-agent' => 'Mozilla/5.0 (Windows NT 10.0; Win64; x64) AppleWebKit/537.36 (KHTML, like Gecko) Chrome/80.0.3987.132 Safari/537.36',
  'sec-fetch-dest' => 'document',
  'accept' => 'text/html,application/xhtml+xml,application/xml;q=0.9,image/webp,image/apng,*/*;q=0.8,application/signed-exchange;v=b3;q=0.9',
  'sec-fetch-site' => 'same-origin',
  'sec-fetch-mode' => 'navigate',
  'sec-fetch-user' => '?1',
  'referer' => 'http://localhost:8000/login',
  'accept-encoding' => 'gzip, deflate, br',
  'accept-language' => 'zh-CN,zh;q=0.9',
  'cookie' => 'Phpstorm-303d7c42=e129bfad-1129-431f-b04c-948be0331183; Webstorm-9235571e=80d86858-8ca6-4e05-abdd-49eb9ffdee5e; pgv_pvi=3636225024; thinkphp_show_page_trace=0|0',
)
[ info ] [ PARAM ] array (
  'username' => 'operatorone',
)
[ info ] [ DB ] INIT mysql
[ info ] [ VIEW ] C:\Another\服创\2020-FC-Intelligent-Management-System-Of-Fixture\application\operatori\view\operatori\mainPage.html [ array (
  0 => 'allTool',
  1 => 'workcell',
  2 => 'username',
) ]
[ sql ] [ DB ] CONNECT:[ UseTime:0.001918s ] mysql:host=127.0.0.1;port=3308;dbname=fc;charset=utf8
[ sql ] [ SQL ] SHOW COLUMNS FROM `user` [ RunTime:0.004338s ]
[ sql ] [ SQL ] SELECT * FROM `user` WHERE  `username` = 'operatorone' LIMIT 1 [ RunTime:0.001079s ]
[ sql ] [ SQL ] SHOW COLUMNS FROM `tool` [ RunTime:0.002803s ]
[ sql ] [ SQL ] SELECT * FROM `tool` WHERE  `workcell` = 1 [ RunTime:0.002171s ]
---------------------------------------------------------------

[2020-03-08T09:55:55+08:00] 127.0.0.1 POST localhost:8000/login
[运行时间：0.109764s] [吞吐率：9.11req/s] [内存消耗：3,262.48kb] [文件加载：77]
[ info ] [ LANG ] C:\Another\服创\2020-FC-Intelligent-Management-System-Of-Fixture\thinkphp\lang\zh-cn.php
[ info ] [ ROUTE ] array (
  'rule' => 'login',
  'route' => '@admin/Index/handleLogin',
  'option' => 
  array (
    'merge_rule_regex' => false,
  ),
  'var' => 
  array (
  ),
)
[ info ] [ HEADER ] array (
  'host' => 'localhost:8000',
  'connection' => 'keep-alive',
  'content-length' => '35',
  'cache-control' => 'max-age=0',
  'origin' => 'http://localhost:8000',
  'upgrade-insecure-requests' => '1',
  'content-type' => 'application/x-www-form-urlencoded',
  'user-agent' => 'Mozilla/5.0 (Windows NT 10.0; Win64; x64) AppleWebKit/537.36 (KHTML, like Gecko) Chrome/80.0.3987.132 Safari/537.36',
  'sec-fetch-dest' => 'document',
  'accept' => 'text/html,application/xhtml+xml,application/xml;q=0.9,image/webp,image/apng,*/*;q=0.8,application/signed-exchange;v=b3;q=0.9',
  'sec-fetch-site' => 'same-origin',
  'sec-fetch-mode' => 'navigate',
  'sec-fetch-user' => '?1',
  'referer' => 'http://localhost:8000/',
  'accept-encoding' => 'gzip, deflate, br',
  'accept-language' => 'zh-CN,zh;q=0.9',
  'cookie' => 'Phpstorm-303d7c42=e129bfad-1129-431f-b04c-948be0331183; Webstorm-9235571e=80d86858-8ca6-4e05-abdd-49eb9ffdee5e; pgv_pvi=3636225024; thinkphp_show_page_trace=0|0',
)
[ info ] [ PARAM ] array (
  'username' => 'operatorone',
  'password' => 'admin',
)
[ info ] [ DB ] INIT mysql
[ info ] [ VIEW ] C:\Another\服创\2020-FC-Intelligent-Management-System-Of-Fixture\thinkphp\tpl/dispatch_jump.tpl [ array (
  0 => 'code',
  1 => 'msg',
  2 => 'data',
  3 => 'url',
  4 => 'wait',
) ]
[ sql ] [ DB ] CONNECT:[ UseTime:0.010811s ] mysql:host=127.0.0.1;port=3308;dbname=fc;charset=utf8
[ sql ] [ SQL ] SHOW COLUMNS FROM `user` [ RunTime:0.010188s ]
[ sql ] [ SQL ] SELECT * FROM `user` WHERE  `username` = 'operatorone' LIMIT 1 [ RunTime:0.000821s ]
[ sql ] [ SQL ] SELECT * FROM `user` WHERE  `username` = 'operatorone' LIMIT 1 [ RunTime:0.000608s ]
[ sql ] [ SQL ] SELECT * FROM `user` WHERE  `username` = 'operatorone' LIMIT 1 [ RunTime:0.000532s ]
---------------------------------------------------------------

[2020-03-08T09:55:57+08:00] 127.0.0.1 GET localhost:8000/operatori/operatorone
[运行时间：0.107512s] [吞吐率：9.30req/s] [内存消耗：3,228.79kb] [文件加载：77]
[ info ] [ LANG ] C:\Another\服创\2020-FC-Intelligent-Management-System-Of-Fixture\thinkphp\lang\zh-cn.php
[ info ] [ ROUTE ] array (
  'rule' => 'operatori/<username>',
  'route' => '@operatori/Operatori/showMainPage',
  'option' => 
  array (
    'merge_rule_regex' => false,
  ),
  'var' => 
  array (
    'username' => 'operatorone',
  ),
)
[ info ] [ HEADER ] array (
  'host' => 'localhost:8000',
  'connection' => 'keep-alive',
  'upgrade-insecure-requests' => '1',
  'user-agent' => 'Mozilla/5.0 (Windows NT 10.0; Win64; x64) AppleWebKit/537.36 (KHTML, like Gecko) Chrome/80.0.3987.132 Safari/537.36',
  'sec-fetch-dest' => 'document',
  'accept' => 'text/html,application/xhtml+xml,application/xml;q=0.9,image/webp,image/apng,*/*;q=0.8,application/signed-exchange;v=b3;q=0.9',
  'sec-fetch-site' => 'same-origin',
  'sec-fetch-mode' => 'navigate',
  'sec-fetch-user' => '?1',
  'referer' => 'http://localhost:8000/login',
  'accept-encoding' => 'gzip, deflate, br',
  'accept-language' => 'zh-CN,zh;q=0.9',
  'cookie' => 'thinkphp_show_page_trace=0|0; Phpstorm-303d7c42=e129bfad-1129-431f-b04c-948be0331183; Webstorm-9235571e=80d86858-8ca6-4e05-abdd-49eb9ffdee5e; pgv_pvi=3636225024; thinkphp_show_page_trace=0|0',
)
[ info ] [ PARAM ] array (
  'username' => 'operatorone',
)
[ info ] [ DB ] INIT mysql
[ info ] [ VIEW ] C:\Another\服创\2020-FC-Intelligent-Management-System-Of-Fixture\application\operatori\view\operatori\mainPage.html [ array (
  0 => 'allTool',
  1 => 'workcell',
  2 => 'username',
) ]
[ sql ] [ DB ] CONNECT:[ UseTime:0.008275s ] mysql:host=127.0.0.1;port=3308;dbname=fc;charset=utf8
[ sql ] [ SQL ] SHOW COLUMNS FROM `user` [ RunTime:0.002736s ]
[ sql ] [ SQL ] SELECT * FROM `user` WHERE  `username` = 'operatorone' LIMIT 1 [ RunTime:0.000815s ]
[ sql ] [ SQL ] SHOW COLUMNS FROM `tool` [ RunTime:0.001996s ]
[ sql ] [ SQL ] SELECT * FROM `tool` WHERE  `workcell` = 1 [ RunTime:0.001831s ]
---------------------------------------------------------------

[2020-03-08T09:56:02+08:00] 127.0.0.1 GET localhost:8000/operatori/operatorone
[运行时间：0.123592s] [吞吐率：8.09req/s] [内存消耗：3,228.94kb] [文件加载：77]
[ info ] [ LANG ] C:\Another\服创\2020-FC-Intelligent-Management-System-Of-Fixture\thinkphp\lang\zh-cn.php
[ info ] [ ROUTE ] array (
  'rule' => 'operatori/<username>',
  'route' => '@operatori/Operatori/showMainPage',
  'option' => 
  array (
    'merge_rule_regex' => false,
  ),
  'var' => 
  array (
    'username' => 'operatorone',
  ),
)
[ info ] [ HEADER ] array (
  'host' => 'localhost:8000',
  'connection' => 'keep-alive',
  'upgrade-insecure-requests' => '1',
  'user-agent' => 'Mozilla/5.0 (Windows NT 10.0; Win64; x64) AppleWebKit/537.36 (KHTML, like Gecko) Chrome/80.0.3987.132 Safari/537.36',
  'sec-fetch-dest' => 'document',
  'accept' => 'text/html,application/xhtml+xml,application/xml;q=0.9,image/webp,image/apng,*/*;q=0.8,application/signed-exchange;v=b3;q=0.9',
  'sec-fetch-site' => 'same-origin',
  'sec-fetch-mode' => 'navigate',
  'sec-fetch-user' => '?1',
  'referer' => 'http://localhost:8000/operatori/operatorone',
  'accept-encoding' => 'gzip, deflate, br',
  'accept-language' => 'zh-CN,zh;q=0.9',
  'cookie' => 'thinkphp_show_page_trace=0|0; Phpstorm-303d7c42=e129bfad-1129-431f-b04c-948be0331183; Webstorm-9235571e=80d86858-8ca6-4e05-abdd-49eb9ffdee5e; pgv_pvi=3636225024; thinkphp_show_page_trace=0|0',
)
[ info ] [ PARAM ] array (
  'username' => 'operatorone',
)
[ info ] [ DB ] INIT mysql
[ info ] [ VIEW ] C:\Another\服创\2020-FC-Intelligent-Management-System-Of-Fixture\application\operatori\view\operatori\mainPage.html [ array (
  0 => 'allTool',
  1 => 'workcell',
  2 => 'username',
) ]
[ sql ] [ DB ] CONNECT:[ UseTime:0.010418s ] mysql:host=127.0.0.1;port=3308;dbname=fc;charset=utf8
[ sql ] [ SQL ] SHOW COLUMNS FROM `user` [ RunTime:0.012543s ]
[ sql ] [ SQL ] SELECT * FROM `user` WHERE  `username` = 'operatorone' LIMIT 1 [ RunTime:0.000933s ]
[ sql ] [ SQL ] SHOW COLUMNS FROM `tool` [ RunTime:0.007446s ]
[ sql ] [ SQL ] SELECT * FROM `tool` WHERE  `workcell` = 1 [ RunTime:0.000884s ]
